change.log
==============================================================================================================================
问题1 生成的ssh秘钥找不到
解决方法：
在~/.ssh目录下

问题2 Could not open a connection to your authentication agent
解决方法：
eval `ssh-agent -s` 
ssh-add ~/.ssh/id_rsa

问题3 The authenticity of host 'github.com (192.30.252.130)' can't be established.
解决方法：
git remote add origin git@github.com:winstongit/Sunshinework.git  //连接远程github项目  

问题4：fatal: remote origin already exists.
解决方法：
git remote rm origin

问题5：fatal: Could not read from remote repository.Please make sure you have the correct access rightsand the repository exists.
解决方法：
github建立对应名称的仓库

$ git push -u origin master
问题6
error: src refspec master does not match any.
error: failed to push some refs to 'https://github.com/winstongit/Sunshinework.git'
解决方法：
应该是没有添加远程仓库，导致无法推送成功

问题7：You've successfully authenticated, but GitHub does not provide shell access.
解决方法：没有关系，这个不影响使用

问题8：
git push -u git@github.com:winstongit/udacityapp.git master 
Disconnectd:No Supported authentication menthods
解决方法：
修改仓库的地址，改为https://github.com/winstongit/udacityapp.git

问题9：The file will have its original line endings in your working directory. warning: LF will be replaced by CRLF in Gemfile.
解决方法： 
git config core.autocrlf true

问题10无法删除本地当前分支
git branch -d lesson_v1.1
问题：error: Cannot delete the branch 'lesson_v1.1' which you are currently on
解决方法：必须先切换到其他分支，再删除lesson_v1.1的分支
git checkout master
git branch -d lesson_v1.1

问题11 无法删除含子文件的文件夹
$ git rm -f *.*
$ git rm weathercastv1.0 -r -f
fatal: pathspec 'weathercastv1.0' did not match any files
解决方法：
rm -rf weathercastv1.0

问题12 不清楚代码是否是最新的
解决方法：
git log 显示提交的commit记录
git status 查看代码和服务器的差别
git diff
git --help

问题13 无法切换分支 error: Your local changes to the following files would be overwritten by checkou t:
解决方法：
git checkout -f master

问题14，不想提交所做的修改，希望代码复位
解决方法：
git reset --hard head^^

问题15，无法开启模拟器
解决方法：
c盘空间严重不足,挪到e盘。修改androidstudio\bin\idea.properties
 idea.config.path=E:/androidlearn/androidstudio/.AndroidStudioBeta/config
 idea.system.path=E:/androidlearn/androidstudio/.AndroidStudioBeta/system
 idea.plugins.path=E:/androidlearn/androidstudio/plugins
 idea.log.path=E:/androidlearn/androidstudio/log

问题16，模拟器太慢，
解决方法：
如果使用androud studio没有用apple电脑或者win7会有点吃亏。
特别是使用模拟器的话没有硬件加速会很慢，最好使用真机调试，减少系统的消耗。
使用真机仿真。
adb connect 192.168.1.151
adb remount

问题17，无法下载所有分支
解决方法：没解决，只能单独下载对应的分支？

问题18 无法删除github远程分支，git branch -d -r origin/x1 origin/x2 origin/x3无法删除
解决方法：
github还需要手动删除对应的分支
==============================================================================================================================
关于在github建立仓库的正确完整流程总结：
1.安装git及添加信息到github的ssh key
安装Git-1.9.4-preview20140929.exe
ssh-keygen -t rsa -C "winstongit@gmail.com" 
eval `ssh-agent -s` 
ssh-add ~/.ssh/id_rsa
复制id_rsa的内容到https://github.com/settings/ssh
ssh -T git@github.com 验证ssh是否成功配置

配置用户信息:
git config --global user.name "winstongit"
git config --global user.email "winstongit@gmail.com"

2.在github服务器上建空仓库
 
3.克隆仓库并配置本地关联
git clone https://github.com/winstongit/udacityapp.git udacode
cd udacode
git remote add uda https://github.com/winstongit/udacityapp.git 	
git config --global credential.helper wincred 			//保存密码，避免每次推送都输账户和密码

4.拉取远程仓库分支
多分支仓库不能直接git pull
git remote 查看几个仓库
git branch -r查看分支
git branch -a 查看所有分支
git fetch origin xxx
git checkout -b origin origin/master

5.添加远程分支
//git remote add uda https://github.com/winstongit/udacityapp.git 	
git branch xxx
git checkout xxx
git rm -r *
git add --all .
git commit -m "this is for test"
git push -u origin xxx

6.删除远程分支
git remote add uda https://github.com/winstongit/udacityapp.git
git branch -d -r origin/xxx 
只能删除本地的远程分支显示，目前还是从github网站删除分支方便.

7修改远程远程分支的名称
git branch -m -r origin/v1.01 origin/v1.02

8添加谷歌分析
https://www.google.com/analytics/web/provision?et=&authuser=#provision/CreateAccount/
个人追踪标记 
UA-56716336-1

个人博客谷歌分析代码

<script>
  (function(i,s,o,g,r,a,m){i['GoogleAnalyticsObject']=r;i[r]=i[r]||function(){
  (i[r].q=i[r].q||[]).push(arguments)},i[r].l=1*new Date();a=s.createElement(o),
  m=s.getElementsByTagName(o)[0];a.async=1;a.src=g;m.parentNode.insertBefore(a,m)
  })(window,document,'script','//www.google-analytics.com/analytics.js','ga');

  ga('create', 'UA-56716336-1', 'auto');
  ga('send', 'pageview');

</script>